<?xml version="1.0" encoding="UTF-8"?>
<testng-results ignored="0" total="2" passed="2" failed="0" skipped="0">
  <reporter-output>
  </reporter-output>
  <suite started-at="2024-11-03T22:42:44 IST" name="Default suite" finished-at="2024-11-03T22:42:59 IST" duration-ms="14601">
    <groups>
      <group name="cucumber">
        <method signature="AbstractTestNGCucumberTests.runScenario(io.cucumber.testng.PickleWrapper,io.cucumber.testng.FeatureWrapper)[pri:0, instance:runner.TesgNGTestRunner@6743e411]" name="runScenario" class="io.cucumber.testng.AbstractTestNGCucumberTests"/>
      </group> <!-- cucumber -->
    </groups>
    <test started-at="2024-11-03T22:42:44 IST" name="Default test" finished-at="2024-11-03T22:42:59 IST" duration-ms="14601">
      <class name="runner.TesgNGTestRunner">
        <test-method is-config="true" signature="setUpClass(org.testng.ITestContext)[pri:0, instance:runner.TesgNGTestRunner@6743e411]" started-at="2024-11-03T22:42:44 IST" name="setUpClass" finished-at="2024-11-03T22:42:52 IST" duration-ms="7820" status="PASS">
          <params>
            <param index="0">
              <value>
                <![CDATA[org.testng.TestRunner@30e6a763]]>
              </value>
            </param>
          </params>
          <reporter-output>
          </reporter-output>
        </test-method> <!-- setUpClass -->
        <test-method signature="runScenario(io.cucumber.testng.PickleWrapper,io.cucumber.testng.FeatureWrapper)[pri:0, instance:runner.TesgNGTestRunner@6743e411]" started-at="2024-11-03T22:42:52 IST" name="runScenario" description="Runs Cucumber Scenarios" data-provider="scenarios" finished-at="2024-11-03T22:42:55 IST" duration-ms="2224" status="PASS">
          <params>
            <param index="0">
              <value>
                <![CDATA["Login to OrangeHRM"]]>
              </value>
            </param>
            <param index="1">
              <value>
                <![CDATA["BDD implementation using Cucumber"]]>
              </value>
            </param>
          </params>
          <reporter-output>
          </reporter-output>
        </test-method> <!-- runScenario -->
        <test-method signature="runScenario(io.cucumber.testng.PickleWrapper,io.cucumber.testng.FeatureWrapper)[pri:0, instance:runner.TesgNGTestRunner@6743e411]" started-at="2024-11-03T22:42:55 IST" name="runScenario" description="Runs Cucumber Scenarios" data-provider="scenarios" finished-at="2024-11-03T22:42:59 IST" duration-ms="4148" status="PASS">
          <params>
            <param index="0">
              <value>
                <![CDATA["Add New Employee to HRM Portal1"]]>
              </value>
            </param>
            <param index="1">
              <value>
                <![CDATA["BDD implementation using Cucumber"]]>
              </value>
            </param>
          </params>
          <reporter-output>
          </reporter-output>
        </test-method> <!-- runScenario -->
        <test-method is-config="true" signature="tearDownClass()[pri:0, instance:runner.TesgNGTestRunner@6743e411]" started-at="2024-11-03T22:42:59 IST" name="tearDownClass" finished-at="2024-11-03T22:42:59 IST" duration-ms="301" status="PASS">
          <reporter-output>
          </reporter-output>
        </test-method> <!-- tearDownClass -->
      </class> <!-- runner.TesgNGTestRunner -->
    </test> <!-- Default test -->
  </suite> <!-- Default suite -->
</testng-results>
